2025-04-22 13:33:38,939 - asyncio - DEBUG - Using selector: KqueueSelector
2025-04-22 13:33:38,947 - jasper - DEBUG - Initializing ArweaveUploadQueue widget
2025-04-22 13:33:38,953 - jasper - DEBUG - ArweaveUploadQueue widget initialized with empty queue
2025-04-22 13:33:38,959 - jasper - DEBUG - Initializing ArweaveTagsInfo widget
2025-04-22 13:33:38,961 - jasper - DEBUG - Updating ArweaveTagsInfo tags display
2025-04-22 13:33:38,962 - jasper - DEBUG - Updated ArweaveTagsInfo text: Default Tags: Content-Type=text/markdown, App-Name=Quartz-Notes, UUID=(from frontmatter), Type=(from frontmatter)
2025-04-22 13:33:38,962 - jasper - DEBUG - Initializing ArweaveQueueStats widget
2025-04-22 13:33:38,981 - jasper - DEBUG - Composing ArweaveUploadQueue widget
2025-04-22 13:33:38,981 - jasper - DEBUG - ArweaveUploadQueue widget composed successfully
2025-04-22 13:33:38,982 - jasper - DEBUG - Composing ArweaveTagsInfo (no children to yield)
2025-04-22 13:33:38,983 - jasper - DEBUG - Composing ArweaveQueueStats widget
2025-04-22 13:33:38,983 - jasper - DEBUG - ArweaveQueueStats formatted text: Queued: 0 files
Est. Cost: 0.000000 AR
Balance: 0.000000 AR
2025-04-22 13:33:38,984 - jasper - DEBUG - Successfully composed ArweaveQueueStats widget


================================================================================
# JASPER SESSION STARTED (2025-04-22 13:33:38.992671) #
================================================================================

2025-04-22 13:33:38,992 - jasper - INFO - Jasper started
2025-04-22 13:33:38,993 - jasper - DEBUG - Setting up initial UI state
2025-04-22 13:33:39,357 - jasper - INFO - Jasper stopped
2025-04-22 13:38:33,916 - asyncio - DEBUG - Using selector: KqueueSelector
2025-04-22 13:38:33,927 - jasper - DEBUG - Initializing ArweaveUploadQueue widget
2025-04-22 13:38:33,928 - jasper - DEBUG - ArweaveUploadQueue widget initialized with empty queue
2025-04-22 13:38:33,929 - jasper - DEBUG - Initializing ArweaveTagsInfo widget
2025-04-22 13:38:33,930 - jasper - DEBUG - Updating ArweaveTagsInfo tags display
2025-04-22 13:38:33,931 - jasper - DEBUG - Updated ArweaveTagsInfo text: Default Tags: Content-Type=text/markdown, App-Name=Quartz-Notes, UUID=(from frontmatter), Type=(from frontmatter)
2025-04-22 13:38:33,932 - jasper - DEBUG - Initializing ArweaveQueueStats widget
2025-04-22 13:38:33,951 - jasper - DEBUG - Composing ArweaveUploadQueue widget
2025-04-22 13:38:33,952 - jasper - DEBUG - ArweaveUploadQueue widget composed successfully
2025-04-22 13:38:33,952 - jasper - DEBUG - Composing ArweaveTagsInfo (no children to yield)
2025-04-22 13:38:33,953 - jasper - DEBUG - Composing ArweaveQueueStats widget
2025-04-22 13:38:33,954 - jasper - DEBUG - ArweaveQueueStats formatted text: Queued: 0 files
Est. Cost: 0.000000 AR
Balance: 0.000000 AR
2025-04-22 13:38:33,956 - jasper - DEBUG - Successfully composed ArweaveQueueStats widget


================================================================================
# JASPER SESSION STARTED (2025-04-22 13:38:33.963846) #
================================================================================

2025-04-22 13:38:33,963 - jasper - INFO - Jasper started
2025-04-22 13:38:33,964 - jasper - DEBUG - Setting up initial UI state
2025-04-22 13:38:36,549 - jasper - DEBUG - Widgets after mount:
2025-04-22 13:38:36,549 - jasper - DEBUG - ContentTree: ContentTree()
2025-04-22 13:38:36,550 - jasper - DEBUG - FilePreview: FilePreview(id='file-preview-container')
2025-04-22 13:38:36,551 - jasper - DEBUG - ArweaveUploadQueue: ArweaveUploadQueue()
2025-04-22 13:38:36,551 - jasper - DEBUG - ArweaveTagsInfo: ArweaveTagsInfo()
2025-04-22 13:38:36,552 - jasper - DEBUG - ArweaveQueueStats: ArweaveQueueStats()
2025-04-22 13:38:36,552 - jasper - DEBUG - Initializing Arweave UI components
2025-04-22 13:38:36,552 - jasper - DEBUG - Updating ArweaveTagsInfo tags display
2025-04-22 13:38:36,553 - jasper - DEBUG - Updated ArweaveTagsInfo text: Default Tags: Content-Type=text/markdown, App-Name=Quartz-Notes, UUID=(from frontmatter), Type=(from frontmatter)
2025-04-22 13:38:36,554 - jasper - DEBUG - Updating ArweaveUploadQueue with 0 files
2025-04-22 13:38:36,554 - jasper - DEBUG - No files in ArweaveUploadQueue, showing empty message
2025-04-22 13:38:36,555 - jasper - DEBUG - Arweave UI components initialized
2025-04-22 13:38:36,555 - jasper - DEBUG - Scheduling initial Arweave stats update
2025-04-22 13:38:36,564 - jasper - DEBUG - update_arweave_stats_async called, queued files: 0
2025-04-22 13:38:36,565 - jasper - DEBUG - update_arweave_context running with 0 files
2025-04-22 13:38:36,565 - jasper - DEBUG - Found queue widget: ArweaveUploadQueue()
2025-04-22 13:38:36,566 - jasper - DEBUG - Found stats widget: ArweaveQueueStats()
2025-04-22 13:38:36,566 - jasper - DEBUG - No files selected, clearing Arweave widgets
2025-04-22 13:38:36,566 - jasper - DEBUG - Updating ArweaveUploadQueue with 0 files
2025-04-22 13:38:36,567 - jasper - DEBUG - No files in ArweaveUploadQueue, showing empty message
No Arweave wallet file found in environment variable or default locations.
Cannot get balance: Arweave wallet path not found.
2025-04-22 13:38:36,567 - jasper - DEBUG - Updating ArweaveQueueStats: files=0, cost=0.000000, balance=0.000000
2025-04-22 13:38:36,568 - jasper - DEBUG - ArweaveQueueStats is mounted, updating display
2025-04-22 13:38:36,568 - jasper - DEBUG - ArweaveQueueStats formatted text: Queued: 0 files
Est. Cost: 0.000000 AR
Balance: 0.000000 AR
